Arguments: 
  /usr/local/bin/node /usr/local/Cellar/yarn/1.19.2/libexec/bin/yarn.js init

PATH: 
  /usr/local/opt/postgresql@9.6/bin:/usr/local/bin:/usr/bin:/bin:/usr/sbin:/sbin:/Users/leandro/Scripts:/Users/leandro/.npm-global/bin:/Users/leandro/.composer/vendor/bin:/usr/local/opt/openvpn/sbin:/usr/local/opt/php@7.2/bin:/usr/local/opt/php@7.2/sbin:/usr/local/go/bin:/usr/local/go/bin:/Users/leandro/GoDevelopment/bin

Yarn version: 
  1.19.2

Node version: 
  10.16.0

Platform: 
  darwin x64

Trace: 
  Error: canceled
      at Interface.<anonymous> (/usr/local/Cellar/yarn/1.19.2/libexec/lib/cli.js:136846:13)
      at Interface.emit (events.js:198:13)
      at Interface._ttyWrite (readline.js:801:16)
      at ReadStream.onkeypress (readline.js:184:10)
      at ReadStream.emit (events.js:198:13)
      at emitKeys (internal/readline.js:424:14)
      at emitKeys.next (<anonymous>)
      at ReadStream.onData (readline.js:1075:36)
      at ReadStream.emit (events.js:198:13)
      at addChunk (_stream_readable.js:288:12)

npm manifest: 
  No manifest

yarn manifest: 
  No manifest

Lockfile: 
  No lockfile
